<?xml version="1.0" encoding="UTF-8"?>
<testsuite errors="0" failures="1" name="diplomaticpulse.tests.test_date_with_US_format.TestParsingdates-20220209183818" skipped="0" tests="8" time="0.001" timestamp="2022-02-09T18:38:18">
	<testcase classname="diplomaticpulse.tests.test_date_with_US_format.TestParsingdates" name="test_date_with_MMDDYYYY_format" time="0.000" timestamp="2022-02-09T18:38:18"/>
	<testcase classname="diplomaticpulse.tests.test_date_with_US_format.TestParsingdates" name="test_date_with_MMDDYY_format1" time="0.000" timestamp="2022-02-09T18:38:18"/>
	<testcase classname="diplomaticpulse.tests.test_date_with_US_format.TestParsingdates" name="test_date_with_MMDDYY_format2" time="0.000" timestamp="2022-02-09T18:38:18"/>
	<testcase classname="diplomaticpulse.tests.test_date_with_US_format.TestParsingdates" name="test_date_with_MMDDYY_format3" time="0.000" timestamp="2022-02-09T18:38:18"/>
	<testcase classname="diplomaticpulse.tests.test_date_with_US_format.TestParsingdates" name="test_date_with_YYYYDDMM_format1" time="0.000" timestamp="2022-02-09T18:38:18"/>
	<testcase classname="diplomaticpulse.tests.test_date_with_US_format.TestParsingdates" name="test_date_with_YYYYDDMM_format2" time="0.000" timestamp="2022-02-09T18:38:18"/>
	<testcase classname="diplomaticpulse.tests.test_date_with_US_format.TestParsingdates" name="test_parse_date_with_US_format" time="0.000" timestamp="2022-02-09T18:38:18"/>
	<testcase classname="diplomaticpulse.tests.test_date_with_US_format.TestParsingdates" name="test_date_with_YYDDMM_format" time="0.000" timestamp="2022-02-09T18:38:18">
		<failure message="'2005-11-19' != '2011-05-19'
- 2005-11-19
+ 2011-05-19
" type="AssertionError">
<![CDATA[Traceback (most recent call last):
  File "/home/alattab/projects/docker/DiplomaticPulse/diplomaticpulse/tests/test_date_with_US_format.py", line 46, in test_date_with_YYDDMM_format
    self.assertEqual(expected, result)
AssertionError: '2005-11-19' != '2011-05-19'
- 2005-11-19
+ 2011-05-19

]]>		</failure>
	</testcase>
	<system-out>
<![CDATA[]]>	</system-out>
	<system-err>
<![CDATA[]]>	</system-err>
</testsuite>
