<?xml version="1.0" encoding="UTF-8"?>
<testsuite errors="0" failures="1" name="diplomaticpulse.tests.test_scraped_block_links.TestHtmlUtils-20220209183818" skipped="0" tests="1" time="0.893" timestamp="2022-02-09T18:38:26">
	<testcase classname="diplomaticpulse.tests.test_scraped_block_links.TestHtmlUtils" name="test_scraped_block_links" time="0.893" timestamp="2022-02-09T18:38:26">
		<failure message="Lists differ: [{'ur[42 chars]culo/genocidal-blockade-signing-executive-orde[1128 chars]22'}] != [{'ur[42 chars]culo/cuban-public-health-adverse-impact-blocka[1168 chars]22'}]

First differing element 0:
{'url[41 chars]culo/genocidal-blockade-signing-executive-orde[109 chars]022'}
{'url[41 chars]culo/cuban-public-health-adverse-impact-blocka[127 chars]022'}

Diff is 2731 characters long. Set self.maxDiff to None to see it." type="AssertionError">
<![CDATA[Traceback (most recent call last):
  File "/home/alattab/projects/docker/DiplomaticPulse/diplomaticpulse/tests/test_scraped_block_links.py", line 71, in test_scraped_block_links
    self.assertEqual(expected, (result))
AssertionError: Lists differ: [{'ur[42 chars]culo/genocidal-blockade-signing-executive-orde[1128 chars]22'}] != [{'ur[42 chars]culo/cuban-public-health-adverse-impact-blocka[1168 chars]22'}]

First differing element 0:
{'url[41 chars]culo/genocidal-blockade-signing-executive-orde[109 chars]022'}
{'url[41 chars]culo/cuban-public-health-adverse-impact-blocka[127 chars]022'}

Diff is 2731 characters long. Set self.maxDiff to None to see it.
]]>		</failure>
	</testcase>
	<system-out>
<![CDATA[]]>	</system-out>
	<system-err>
<![CDATA[]]>	</system-err>
</testsuite>
