<?xml version="1.0" encoding="UTF-8"?>
<testsuite errors="0" failures="0" name="diplomaticpulse.tests.test_parse_default_date_string.TestParsingdates-20220209183818" skipped="0" tests="4" time="0.002" timestamp="2022-02-09T18:38:25">
	<testcase classname="diplomaticpulse.tests.test_parse_default_date_string.TestParsingdates" name="test_parse_default_date_string_1" time="0.001" timestamp="2022-02-09T18:38:25"/>
	<testcase classname="diplomaticpulse.tests.test_parse_default_date_string.TestParsingdates" name="test_parse_default_date_string_2" time="0.000" timestamp="2022-02-09T18:38:25"/>
	<testcase classname="diplomaticpulse.tests.test_parse_default_date_string.TestParsingdates" name="test_parse_default_date_string_3" time="0.000" timestamp="2022-02-09T18:38:25"/>
	<testcase classname="diplomaticpulse.tests.test_parse_default_date_string.TestParsingdates" name="test_parse_default_date_string_except" time="0.001" timestamp="2022-02-09T18:38:25"/>
	<system-out>
<![CDATA[]]>	</system-out>
	<system-err>
<![CDATA[]]>	</system-err>
</testsuite>
