<?xml version="1.0" encoding="UTF-8"?>
<testsuite errors="0" failures="0" name="diplomaticpulse.tests.test_format_html_text.TestHtmlUtils-20220209183818" skipped="0" tests="1" time="1.315" timestamp="2022-02-09T18:38:20">
	<testcase classname="diplomaticpulse.tests.test_format_html_text.TestHtmlUtils" name="test_format_html_text" time="1.315" timestamp="2022-02-09T18:38:20"/>
	<system-out>
<![CDATA[]]>	</system-out>
	<system-err>
<![CDATA[]]>	</system-err>
</testsuite>
