<?xml version="1.0" encoding="UTF-8"?>
<testsuite errors="0" failures="0" name="diplomaticpulse.tests.test_get_date.TestParsingdates-20220209183818" skipped="0" tests="2" time="0.000" timestamp="2022-02-09T18:38:20">
	<testcase classname="diplomaticpulse.tests.test_get_date.TestParsingdates" name="test_get_date1" time="0.000" timestamp="2022-02-09T18:38:20"/>
	<testcase classname="diplomaticpulse.tests.test_get_date.TestParsingdates" name="test_get_date2" time="0.000" timestamp="2022-02-09T18:38:20"/>
	<system-out>
<![CDATA[]]>	</system-out>
	<system-err>
<![CDATA[]]>	</system-err>
</testsuite>
