<?xml version="1.0" encoding="UTF-8"?>
<testsuite errors="0" failures="0" name="diplomaticpulse.tests.test_date_MDY.TestParsingdates-20220209183818" skipped="0" tests="1" time="0.001" timestamp="2022-02-09T18:38:18">
	<testcase classname="diplomaticpulse.tests.test_date_MDY.TestParsingdates" name="test_date_with_MDY_format" time="0.001" timestamp="2022-02-09T18:38:18"/>
	<system-out>
<![CDATA[]]>	</system-out>
	<system-err>
<![CDATA[]]>	</system-err>
</testsuite>
