<?xml version="1.0" encoding="UTF-8"?>
<testsuite errors="0" failures="0" name="diplomaticpulse.tests.test_parse_non_english_date_string.TestParsingdates-20220209183818" skipped="0" tests="3" time="0.060" timestamp="2022-02-09T18:38:25">
	<testcase classname="diplomaticpulse.tests.test_parse_non_english_date_string.TestParsingdates" name="test_parse_non_english_date_string1" time="0.058" timestamp="2022-02-09T18:38:25"/>
	<testcase classname="diplomaticpulse.tests.test_parse_non_english_date_string.TestParsingdates" name="test_parse_non_english_date_string2" time="0.002" timestamp="2022-02-09T18:38:25"/>
	<testcase classname="diplomaticpulse.tests.test_parse_non_english_date_string.TestParsingdates" name="test_parse_non_english_date_string3" time="0.000" timestamp="2022-02-09T18:38:25"/>
	<system-out>
<![CDATA[]]>	</system-out>
	<system-err>
<![CDATA[]]>	</system-err>
</testsuite>
