<?xml version="1.0" encoding="UTF-8"?>
<testsuite errors="0" failures="0" name="diplomaticpulse.tests.test_to_reg_expression.TestParsingdates-20220209183818" skipped="0" tests="2" time="0.000" timestamp="2022-02-09T18:38:26">
	<testcase classname="diplomaticpulse.tests.test_to_reg_expression.TestParsingdates" name="test_to_reg_expression_1" time="0.000" timestamp="2022-02-09T18:38:26"/>
	<testcase classname="diplomaticpulse.tests.test_to_reg_expression.TestParsingdates" name="test_to_reg_expression_2" time="0.000" timestamp="2022-02-09T18:38:26"/>
	<system-out>
<![CDATA[]]>	</system-out>
	<system-err>
<![CDATA[]]>	</system-err>
</testsuite>
