<?xml version="1.0" encoding="UTF-8"?>
<testsuite errors="1" failures="0" name="diplomaticpulse.tests.test_get_response_content.TestHtmlUtils-20220209183818" skipped="0" tests="1" time="0.799" timestamp="2022-02-09T18:38:20">
	<testcase classname="diplomaticpulse.tests.test_get_response_content.TestHtmlUtils" name="test_get_response_content" time="0.799" timestamp="2022-02-09T18:38:20">
		<error message="can only join an iterable" type="TypeError">
<![CDATA[Traceback (most recent call last):
  File "/home/alattab/projects/docker/DiplomaticPulse/diplomaticpulse/tests/test_get_response_content.py", line 34, in test_get_response_content
    result = ''.join(result)
TypeError: can only join an iterable
]]>		</error>
	</testcase>
	<system-out>
<![CDATA[]]>	</system-out>
	<system-err>
<![CDATA[]]>	</system-err>
</testsuite>
